<?xml version="1.0" encoding="UTF-8" ?>
<testsuite tests="20" failures="0" name="com.superherosightingsspringmvc.dao.SuperHeroSightingsDaoTest" time="14.494" errors="0" skipped="0">
  <properties>
    <property name="java.runtime.name" value="Java(TM) SE Runtime Environment"/>
    <property name="sun.boot.library.path" value="C:\Program Files\Java\jdk1.8.0_144\jre\bin"/>
    <property name="java.vm.version" value="25.144-b01"/>
    <property name="java.vm.vendor" value="Oracle Corporation"/>
    <property name="maven.multiModuleProjectDirectory" value="C:\Users\brian\OneDrive\Documents\NetBeansProjects\SuperHeroSightingsSpringMVC_Final_v6\SuperHeroSightingsSpringMVC"/>
    <property name="java.vendor.url" value="http://java.oracle.com/"/>
    <property name="path.separator" value=";"/>
    <property name="guice.disable.misplaced.annotation.check" value="true"/>
    <property name="java.vm.name" value="Java HotSpot(TM) 64-Bit Server VM"/>
    <property name="file.encoding.pkg" value="sun.io"/>
    <property name="user.script" value=""/>
    <property name="user.country" value="US"/>
    <property name="sun.java.launcher" value="SUN_STANDARD"/>
    <property name="sun.os.patch.level" value=""/>
    <property name="java.vm.specification.name" value="Java Virtual Machine Specification"/>
    <property name="user.dir" value="C:\Users\brian\OneDrive\Documents\NetBeansProjects\SuperHeroSightingsSpringMVC_Final_v6\SuperHeroSightingsSpringMVC"/>
    <property name="java.runtime.version" value="1.8.0_144-b01"/>
    <property name="java.awt.graphicsenv" value="sun.awt.Win32GraphicsEnvironment"/>
    <property name="java.endorsed.dirs" value="C:\Program Files\Java\jdk1.8.0_144\jre\lib\endorsed"/>
    <property name="os.arch" value="amd64"/>
    <property name="java.io.tmpdir" value="C:\Users\brian\AppData\Local\Temp\"/>
    <property name="line.separator" value="
"/>
    <property name="java.vm.specification.vendor" value="Oracle Corporation"/>
    <property name="user.variant" value=""/>
    <property name="os.name" value="Windows 10"/>
    <property name="maven.ext.class.path" value="C:\Program Files\NetBeans 8.2\java\maven-nblib\netbeans-eventspy.jar"/>
    <property name="classworlds.conf" value="C:\apache-maven-3.6.2-bin\apache-maven-3.6.2\bin\..\bin\m2.conf"/>
    <property name="sun.jnu.encoding" value="Cp1252"/>
    <property name="java.library.path" value="C:\Program Files\Java\jdk1.8.0_144\bin;C:\WINDOWS\Sun\Java\bin;C:\WINDOWS\system32;C:\WINDOWS;C:\ProgramData\Oracle\Java\javapath;C:\Program Files (x86)\Common Files\Oracle\Java\javapath;C:\Program Files (x86)\Intel\iCLS Client\;C:\Program Files\Intel\iCLS Client\;C:\windows\system32;C:\windows;C:\windows\System32\Wbem;C:\windows\System32\WindowsPowerShell\v1.0\;C:\Program Files (x86)\Intel\Intel(R) Management Engine Components\DAL;C:\Program Files\Intel\Intel(R) Management Engine Components\DAL;C:\Program Files (x86)\Intel\Intel(R) Management Engine Components\IPT;C:\Program Files\Intel\Intel(R) Management Engine Components\IPT;C:\Program Files (x86)\NVIDIA Corporation\PhysX\Common;C:\WINDOWS\system32;C:\WINDOWS;C:\WINDOWS\System32\Wbem;C:\WINDOWS\System32\WindowsPowerShell\v1.0\;C:\WINDOWS\System32\OpenSSH\;C:\Program Files\Intel\WiFi\bin\;C:\Program Files\Common Files\Intel\WirelessCommon\;C:\Program Files\Java\jdk1.8.0_144\bin;C:\Program Files (x86)\Windows Live\Shared;%MAVEN_HOME%\bin;C:\apache-maven-3.6.2-bin\apache-maven-3.6.2\bin;C:\Program Files\Git\cmd;C:\Users\brian\AppData\Local\Microsoft\WindowsApps;C:\Users\brian\AppData\Local\Programs\Microsoft VS Code\bin;C:\Users\brian\AppData\Local\GitHubDesktop\bin;C:\Users\brian\AppData\Local\atom\bin;%USERPROFILE%\AppData\Local\Microsoft\WindowsApps;;."/>
    <property name="maven.conf" value="C:\apache-maven-3.6.2-bin\apache-maven-3.6.2\bin\../conf"/>
    <property name="java.specification.name" value="Java Platform API Specification"/>
    <property name="java.class.version" value="52.0"/>
    <property name="sun.management.compiler" value="HotSpot 64-Bit Tiered Compilers"/>
    <property name="os.version" value="10.0"/>
    <property name="library.jansi.path" value="C:\apache-maven-3.6.2-bin\apache-maven-3.6.2\bin\..\lib\jansi-native"/>
    <property name="user.home" value="C:\Users\brian"/>
    <property name="user.timezone" value="America/New_York"/>
    <property name="java.awt.printerjob" value="sun.awt.windows.WPrinterJob"/>
    <property name="java.specification.version" value="1.8"/>
    <property name="file.encoding" value="Cp1252"/>
    <property name="user.name" value="brian"/>
    <property name="java.class.path" value="C:\apache-maven-3.6.2-bin\apache-maven-3.6.2\bin\..\boot\plexus-classworlds-2.6.0.jar"/>
    <property name="java.vm.specification.version" value="1.8"/>
    <property name="sun.arch.data.model" value="64"/>
    <property name="java.home" value="C:\Program Files\Java\jdk1.8.0_144\jre"/>
    <property name="sun.java.command" value="org.codehaus.plexus.classworlds.launcher.Launcher -Dmaven.ext.class.path=C:\Program Files\NetBeans 8.2\java\maven-nblib\netbeans-eventspy.jar clean install"/>
    <property name="java.specification.vendor" value="Oracle Corporation"/>
    <property name="user.language" value="en"/>
    <property name="awt.toolkit" value="sun.awt.windows.WToolkit"/>
    <property name="java.vm.info" value="mixed mode"/>
    <property name="java.version" value="1.8.0_144"/>
    <property name="java.ext.dirs" value="C:\Program Files\Java\jdk1.8.0_144\jre\lib\ext;C:\WINDOWS\Sun\Java\lib\ext"/>
    <property name="sun.boot.class.path" value="C:\Program Files\Java\jdk1.8.0_144\jre\lib\resources.jar;C:\Program Files\Java\jdk1.8.0_144\jre\lib\rt.jar;C:\Program Files\Java\jdk1.8.0_144\jre\lib\sunrsasign.jar;C:\Program Files\Java\jdk1.8.0_144\jre\lib\jsse.jar;C:\Program Files\Java\jdk1.8.0_144\jre\lib\jce.jar;C:\Program Files\Java\jdk1.8.0_144\jre\lib\charsets.jar;C:\Program Files\Java\jdk1.8.0_144\jre\lib\jfr.jar;C:\Program Files\Java\jdk1.8.0_144\jre\classes"/>
    <property name="java.vendor" value="Oracle Corporation"/>
    <property name="maven.home" value="C:\apache-maven-3.6.2-bin\apache-maven-3.6.2\bin\.."/>
    <property name="file.separator" value="\"/>
    <property name="java.vendor.url.bug" value="http://bugreport.sun.com/bugreport/"/>
    <property name="sun.cpu.endian" value="little"/>
    <property name="sun.io.unicode.encoding" value="UnicodeLittle"/>
    <property name="sun.desktop" value="windows"/>
    <property name="sun.cpu.isalist" value="amd64"/>
  </properties>
  <testcase classname="com.superherosightingsspringmvc.dao.SuperHeroSightingsDaoTest" name="testGetSuperHeroSuperVillAll" time="2.642"/>
  <testcase classname="com.superherosightingsspringmvc.dao.SuperHeroSightingsDaoTest" name="testGetSuperSightingsAll" time="0.556"/>
  <testcase classname="com.superherosightingsspringmvc.dao.SuperHeroSightingsDaoTest" name="testRemoveSuperPower" time="0.704"/>
  <testcase classname="com.superherosightingsspringmvc.dao.SuperHeroSightingsDaoTest" name="testGetLocationAll" time="0.361"/>
  <testcase classname="com.superherosightingsspringmvc.dao.SuperHeroSightingsDaoTest" name="testUpdateOrg" time="0.465"/>
  <testcase classname="com.superherosightingsspringmvc.dao.SuperHeroSightingsDaoTest" name="testAddGetLocation" time="1.074"/>
  <testcase classname="com.superherosightingsspringmvc.dao.SuperHeroSightingsDaoTest" name="testRemoveLocation" time="0.554"/>
  <testcase classname="com.superherosightingsspringmvc.dao.SuperHeroSightingsDaoTest" name="testGetSuperSighting" time="0.355"/>
  <testcase classname="com.superherosightingsspringmvc.dao.SuperHeroSightingsDaoTest" name="testUpdateSuperSighting" time="0.749"/>
  <testcase classname="com.superherosightingsspringmvc.dao.SuperHeroSightingsDaoTest" name="testRemoveSuperSighting" time="0.618"/>
  <testcase classname="com.superherosightingsspringmvc.dao.SuperHeroSightingsDaoTest" name="testGetSuperPowerAll" time="0.386"/>
  <testcase classname="com.superherosightingsspringmvc.dao.SuperHeroSightingsDaoTest" name="testUpdateSuperPower" time="0.583"/>
  <testcase classname="com.superherosightingsspringmvc.dao.SuperHeroSightingsDaoTest" name="testUpdateSuperHeroSuperVill" time="0.764"/>
  <testcase classname="com.superherosightingsspringmvc.dao.SuperHeroSightingsDaoTest" name="testAddGetOrg" time="1.037"/>
  <testcase classname="com.superherosightingsspringmvc.dao.SuperHeroSightingsDaoTest" name="testAddGetSuperHeroSuperVill" time="0.485"/>
  <testcase classname="com.superherosightingsspringmvc.dao.SuperHeroSightingsDaoTest" name="testRemoveSuperHeroSuperVill" time="0.611"/>
  <testcase classname="com.superherosightingsspringmvc.dao.SuperHeroSightingsDaoTest" name="testAddGetSuperPower" time="0.392"/>
  <testcase classname="com.superherosightingsspringmvc.dao.SuperHeroSightingsDaoTest" name="testGetOrgAll" time="0.434"/>
  <testcase classname="com.superherosightingsspringmvc.dao.SuperHeroSightingsDaoTest" name="testUpdateLocation" time="1.188"/>
  <testcase classname="com.superherosightingsspringmvc.dao.SuperHeroSightingsDaoTest" name="testRemoveOrg" time="0.536"/>
</testsuite>